Starting var:.. inputOne = '/Users/ethanbolton/Desktop/COPY_DETECT/imageSets/basicImages/bag.png'
Starting var:.. inputTwo = '/Users/ethanbolton/Desktop/COPY_DETECT/imageSets/basicImages/computer.png'
14:20:48.023391 call         7 @pysnooper.snoop('snoopOut.log')
14:20:48.023643 line         9 	i1 = Image.open(inputOne)
New var:....... i1 = <PIL.PngImagePlugin.PngImageFile image mode=RGBA size=3024x4032 at 0x10D5EC470>
14:20:48.084553 line        10 	i2 = Image.open(inputTwo)
New var:....... i2 = <PIL.PngImagePlugin.PngImageFile image mode=RGBA size=3024x4032 at 0x10D6EA908>
14:20:48.085415 line        12 	assert i1.mode == i2.mode, "Different kinds of images."
14:20:48.085601 line        13 	assert i1.size == i2.size, "Different sizes."
14:20:48.085863 line        15 	data1 = i1.getdata()
New var:....... data1 = <ImagingCore object at 0x10d68e4b0>
14:20:48.900474 line        16 	data2 = i2.getdata()
New var:....... data2 = <ImagingCore object at 0x10d68e470>
14:20:49.714196 line        17 	newData1 = []
New var:....... newData1 = []
14:20:49.714446 line        18 	newData2 = []
New var:....... newData2 = []
14:20:49.714673 line        20 	shortenFactor = 50
New var:....... shortenFactor = 50
14:20:49.714902 line        21 	indexes = [i*shortenFactor for i in range(int(len(data1)/shortenFactor))]
14:20:49.918094 line        22 	for ind in indexes:
New var:....... ind = 0
14:20:49.945064 line        23 		newData1.append(data1[ind])
Modified var:.. newData1 = [(216, 209, 191, 255)]
14:20:49.971763 line        24 		newData2.append(data2[ind])
Modified var:.. newData2 = [(127, 115, 101, 255)]
14:20:49.998352 line        22 	for ind in indexes:
Modified var:.. ind = 50
14:20:50.025648 line        23 		newData1.append(data1[ind])
Modified var:.. newData1 = [(216, 209, 191, 255), (208, 197, 177, 255)]
14:20:50.052573 line        24 		newData2.append(data2[ind])
Modified var:.. newData2 = [(127, 115, 101, 255), (133, 115, 101, 255)]
14:20:50.079841 line        22 	for ind in indexes:
Modified var:.. ind = 100
14:20:50.106240 line        23 		newData1.append(data1[ind])
Modified var:.. newData1 = [(216, 209, 191, 255), (208, 197, 177, 255), (215, 205, 180, 255)]
14:20:50.132660 line        24 		newData2.append(data2[ind])
Modified var:.. newData2 = [(127, 115, 101, 255), (133, 115, 101, 255), (109, 92, 75, 255)]
14:20:50.161276 line        22 	for ind in indexes:
Modified var:.. ind = 150
14:20:50.188098 line        23 		newData1.append(data1[ind])
Modified var:.. newData1 = [(216, 209, 191, 255), (208, 197, 177, 255), (215, 205, 180, 255), (220, 209, 187, 255)]
14:20:50.214858 line        24 		newData2.append(data2[ind])
Modified var:.. newData2 = [(127, 115, 101, 255), (133, 115, 101, 255), (109, 92, 75, 255), (86, 73, 57, 255)]
14:20:50.242506 line        22 	for ind in indexes:
Modified var:.. ind = 200
14:20:50.269041 line        23 		newData1.append(data1[ind])
14:20:50.295685 line        24 		newData2.append(data2[ind])
14:20:50.322485 line        22 	for ind in indexes:
Modified var:.. ind = 250
14:20:50.349769 line        23 		newData1.append(data1[ind])
14:20:50.376649 line        24 		newData2.append(data2[ind])
14:20:50.403386 line        22 	for ind in indexes:
